[   0.000] Initializing cgroup subsys cpuset
[    0.000000] Initializing cgroup subsys cpu
[    0.000000] Initializing cgroup subsys cpuacc
    0.000000] Linux version 4.4.0-135-generic (buildd@cy01-amd64-020) (gcc version 5.4.0 20160609 (Ubuntu 5.4.0-6ubuntu1~16.04.10) ) #161-Ubuntu SMP Mon Aug 27 10:45:01 UTC 2018 (Ubuntu 4.4.0-135.161-generic 4.4.140)
[   0.000000]Comandli: OOT_IMGEbot/vmin-44.-15-nec rootLAL=loudmgoofs ro onsole=tty1 console=ttyS0
[    0.000000] KERNEL supported cpus:
[    0.000000]   Intel GenuineIntel
[    0.000000]   AMD AuthenticD
[    0.000000]   Centaur CenaurHauls
[    0.000000] x86/fpu: Supporting XSAVE feature 0x01: 'x87 floating point registers'
[    0.000000] x86/fpu: Supporting XSAVE feature 0x02: 'SSE reisrs
[   0000] x86/u:nabled xstate features 0x3, context size is 576 bytes, using 'standard' format.
[    0.000000] e820: BIOS-provided physical RAM map:
[    0.000000] BIOS-e820: [mem 0x0000000000000000-0x000000000009fbff] usable
[    0.000000] BIOS-e820: [mem 0x000000000009fc00-0x000000000009ffffrerved
[    0.000000] BIOS-e820: [mem 0x00000000000f0000-0x00000000000fffff] reserved
[    0.000000] BIOS-e820: [mem 0x0000000000100000-0x000000003ffeffff uble
[    0.000000] BIOS-e820: [mem 0x000000003fff0000-0x000000003fffffff] ACPI data
[    0.000000] BIOS-e820: [mem 0x00000000fec00000-0x00000000fec0fff]reserved
[    0.000000] BIOS-e820: [mem 0x00000000fee00000-0x00000000fee00fff] reserved
[    0.000000] BIOS-e820: [mem 0x00000000fffc0000-000000fffff] reserved
[    0.000000] NX (Execute Disable) protection: active
[    0.000000] SMBIOS 2.5 present.
[    0.000000] Hypervisordect: KVM
[    0.000000] e820: last_pfn = 0x3fff0 max_arch_pfn = 0x400000000
[    0.000000] TRR: Disabled
[   000000]86AT MRR dsaed, spping PAT initialization too.
[    0.000000] CPU MTRRs all ban - vtuized sstm.
[    .000] x86/PA: nfguratin -7: WB  WT  UC- UC  WB  WT  UC- UC  
[    0.000000 fund SMP MP-table t em 0x009fff0-0x0009ffff] mapped at [ffff88000009fff0]
[    0.000000] Scanning 1 areas for low memory corruption
[    0.000000] RADISK: [mem 0x3630a000-0x3717cff]
[    0.000000] ACPI: Early table checksum verification disabled
[    0.000000] ACPI: RSDP 0x00000000000E0000 000024 (v02 VBOX  )
[    0.000000] ACPI: XSDT x000000003FFF0030 0003(v0 VBOX  VBOXXSDT 00000001 ASL  00000061)
[    0.000000] ACPI: FACP 0x000000003FFF00F0 0000F4 (v04 VBOX   VBOXFACP 00000001 ASL  00000061)
[    0.000000] ACPI:SDT 0x000000003FFF0470 0021FF (v02 VBOX   VBOXBIOS 00000002 INTL 20160108)
[    .000000] ACPI: FACS 0x000000003FFF0200 000040
[    0.000000] ACPI: FACS 0x000000003FFF0200 000040
[    0.000000] ACPI: APIC 0x000000003FFF0240 00005C (v02 VB   VBOXAPIC 00000001 ASL  00000061)
[    0.000000] ACPI: SSDT 0x000000003FFF02A0 0001CC (v01 VBOX   VBOXCPUT 00000002 INTL 20160108)
[    000000]o UMA cofiraion found
[    0.000000] Faking anoe at [m 0x0000000000000000-0x000000003ffeffff]
[    0.000000] NODE_DATA(0) allocated [mem 0x3ffeb000-0x3ffeffff][    0.000000] kvm-clock: Using msrs 4b564d01 and 4b564d00
[    0.000000] kvm-clock: cpu 0, msr 0:3ffe3001, primary cpu clock
[    0.000000] kvm-clock: using sched offset of 3342168708 cycles
[    0.000000] clocksource: kvm-clock: mask: 0xffffffffffffffff max_cycles: 0x1cd42e4dffb, max_idle_ns: 881590591483 ns
[    0.0000] Zo rges:
  0.00000]  A     [mem 0x0000000000001000-0x00000000ffffff]
[  0000] DMA3  [m 0x0000001000000-0x000000003ffeffff]
[    0.000000]   Normal  empty
[    0.000000]   Device   empty
[    0.000000] Movable zone start for each node
[    0.000000] Early memory node ranges
[    0.000000]   od   0 [m x000000000001000-0x000000000009efff]
[    0.000000]   node   0: [mem 0x0000000000100000-0x000000003ffeffff]
[    0.000000] Initmesetup node 0 [mem 0x0000000000001000-0x000000003ffeffff]
[    0.000000] ACPI: PM-Timer IO Port: 0x4008
[    0.000000] IOAPIC[0]: apic_d 2, vsin 32, address 0xfec00000, GSI 0-23
[    0.000000] ACPI: INT_SRC_VR (bus  bus_iq  gloalir2 dfl df
   0.000000] ACPI: INT_SRC_OVR (bus 0 bus_irq 9 global_irq 9 low level)
[    0.000000] Using ACPI (MADT) for SMP configuration information
[   0.000000] smpboot: Allowing 2 CPUs, 0 hotplug CPUs
[    0.000000] PM: Registered nosave memry [mem x000000-0x00000fff]
[    0.000000] PM: Registered nosave memory: [mem 0x0009f0000x009ff]
[   0000] P: gitere nave memory: [mem 0x000a0000-0x000effff]
[    0.0000] PM: Registered nosave memor: [mem 0x000f0000-0x000fffff]
[    0.000000] e820: [mem 0x40000000-0xfebfffff] available for PCI devices
[    0.000000] Booting parvirtualized kernel onKV
[   00000] clocksoure: refined-jiffies: mask: 0xffffff x_cycl: ffffffff m_ile_n: 6419602168 ns
[    0.000000] setup_percpu: NR_CPUS:512 nr_cpumask_bits:512 nr_cpu_ids:2 nr_node_ids:1
[  0.000] ERCPU: Embedded 34 pages/cpu @ffff88003fc00000 s99544 r8192 d31528 u1048576
[    0.000000] PV qspinlock hash table enties: 256 (order: 0, 4096 bytes)
[    0.000000] Built 1 zonelists in Node order, mobility grouping o  otl ges: 257912
[    0.000000] Policy zone: DMA32
[    0.000000] Kernel command line: BOOT_IMAGE=/boot/vmlinuz-4.4.0-135-generic root=LABEL=cloudig-roots  cnsol=tt1 console=ttyS0
[    0.000000] PID hash table entries: 4096 (order: 3, 32768 bytes)
[    0.000000] Memory: 997720K/10481K aville8554K erl ode, 1314K rwdata, 4004K rda, 516Kin, 316Kbs 50400K reserved, 0K cma-reserved)
[    0.000000] SLUB: HWalign=64, Order=0-3, MinObjects=0, CPUs=2, Nes=1
[    0.000000] Kernel/Userpa tbles isoti: enabled
[    0.000000] Hierarchical RCU implementation.
[    0.000000] 	Build-time adjustment of leaf fnout to 64.
[    00000] 	RCU restricting CPUs from NR_CPUS=512 to nr_cpu_ids=2.
[    0.000000] RCU: Adjusting geometry for rcu_fanout_leaf=64, nr_cpu_ids=2
[    0.000000 NR_IRQS:33024 nr_irqs:440 16
[    0.000000] Console: colour VGA+ 80x25
[    0.000000] console [tty1] enabled
[    0.000000] conse ttyS0]enle
[    0.000000] tsc: Detected 3311.998 MH processor
[    4.665966] Calibrating delay loop (skipped) preset value.. 6623.99 BogoMIPS (lpj=13247992)
[    4.668506] pid_max: default: 32768 minimum: 301
[    4.669823] ACPI: Core revision 20150930
[    4.671743] ACPI: 2 ACPI AML tables successfully acquired and loaded
[    4.673458] Security Framework initialized
[    4.674571] Yama: becoming mindful.
[    4.675550] AppArmor: AppArmor initialized
[    4.676714] Dentry cache hash table entries: 131072 (order: 8, 1048576 bytes)
[    4.679165] Inode-cache hash table entries: 65536 (order: 7, 524288 bytes)
[    4.681320] Mount-cache hash table entries: 2048 (order: 2, 16384 bytes)
[    4.683201] Mountpoint-cache hash table entries: 2048 (order: 2, 16384 bytes)
[    4.685267] Initializing cgroup subsys io
[    4.686453] Initializing cgroup subsys memory
[    4.687807] Initializing cgroup subsys devices
[    4.689214] Initializing cgroup subsys freezer
[    4.690654] Initializing cgroup subsys net_cls
[    4.691823] Initializing cgroup subsys perf_event
[    4.693049] Initializing cgroup subsys net_prio
[    4.694248] Initializing cgroup subsys hugetlb
[    4.695471] Initializing cgroup subsys pids
[    4.698773] mce: CPU supports 0 MCE banks
[    4.700120] Last level iTLB entries: 4KB 128, 2MB 8, 4MB 8
[    4.701657] Last level dTLB entries: 4KB 64, 2MB 0, 4MB 0, 1GB 4
[    4.703301] Spectre V2 : Mitigation: Full generic retpoline
[    4.704736] Spectre V2 : Speculation control IBPB not-supported IBRS not-supported
[    4.706540] Spectre V2 : Filling RSB on context switch
[   4.708263] Speculative Store Bypass: Vulnerable
[    4.784853] Freeing SMP alternatives memory: 32K
[    4.853283] ftrace: allocating 32266 entries in 127 pages
[    4.964203] smpboot: APIC(0) Converting physical 0 to logical package 0
[    4.987529] smpboot: Max logical packages: 1
[    4.999716] x2apic enabled
[    5.013790] Switched APIC routing to physical x2apic.
[    5.028578] ..TIMER: vector=0x30 apic1=0 pin1=2 apic2=-1 pin2=-1
[    5.234630] smpboot: CPU0: Intel(R) Pentium(R) CPU G4400 @ 3.30GHz (family: 0x6, model: 0x5e, stepping: 0x3)
[    5.318929] Performance Events: unsupported p6 CPU model 94 no PMU driver, software events only.
[    5.398589] KVM setup paravirtual spinlock
[    5.444398] x86: Booting SMP configuration:
[    5.508351] .... node  #0, CPUs:      #1
[    5.529349] kvm-clock: cpu 1, msr 0:3ffe3041, secondary cpu clock
[    5.542122] mce: CPU supports 0 MCE banks
[    5.545337] x86: Booted up 1 node, 2 CPUs
[    5.569680] smpboot: Total of 2 processors activated (13247.99 BogoMIPS)
[    5.612727] devtmpfs: initialized
[    5.615169] evm: security.selinux
[    5.661391] evm: security.SMACK64
[    5.683445] evm: security.SMACK64EXEC
[    5.684557] evm: security.SMACK64TRANSMUTE
[    5.693187] evm: security.SMACK64MMAP
[    5.715193] evm: security.ima
[    5.715845] evm: security.capability
[    5.717810] clocksource: jiffies: mask: 0xffffffff max_cycles: 0xffffffff, max_idle_ns: 7645041785100000 ns
[    5.720768] futex hash table entries: 512 (order: 3, 32768 bytes)
[    5.729706] pinctrl core: initialized pinctrl subsystem
[    5.730745] RTC time: 21:16:28, date: 10/02/18
[    5.740391] NET: Registered protocol family 16
[    5.750626] cpuidle: using governor ladder
[    5.764982] cpuidle: using governor menu
[    5.766288] PCCT header not found.
[    5.769076] ACPI: bus type PCI registered
[    5.770612] acpiphp: ACPI Hot Plug PCI Controller Driver version: 0.5
[    5.774945] PCI: Using configuration type 1 for base access
[    5.797631] ACPI: Added _OSI(Module Device)
[    5.801734] ACPI: Added _OSI(Processor Device)
[    5.804774] ACPI: Added _OSI(3.0 _SCP Extensions)
[    5.809108] ACPI: Added _OSI(Processor Aggregator Device)
[    5.811333] ACPI: Executed 1 blocks of module-level executable AML code
[    5.817064] ACPI: Interpreter enabled
[    5.818174] ACPI: (supports S0 S5)
[    5.819291] ACPI: Using IOAPIC for interrupt routing
[    5.820994] PCI: Using host bridge windows from ACPI; if necessary, use "pci=nocrs" and report a bug
[    5.825231] ACPI: PCI Root Bridge [PCI0] (domain 0000 [bus 00-ff])
[    5.917089] acpi PNP0A03:00: _OSC: OS supports [ASPM ClockPM Segments MSI]
[    5.967155] acpi PNP0A03:00: _OSC: not requesting OS control; OS requires [ExtendedConfig ASPM ClockPM MSI]
[    6.029367] acpi PNP0A03:00: fail to add MMCONFIG information, can't access extended PCI configuration space under this bridge.
[    6.032833] PCI host bridge to bus 0000:00
[    6.046690] pci_bus 0000:00: root bus resource [io  0x0000-0x0cf7 window]
[    6.047908] pci_bus 0000:00: root bus resource [io  0x0d00-0xffff window]
[    6.049111] pci_bus 0000:00: root bus resource [mem 0x000a0000-0x000bffff window]
[    6.057865] pci_bus 0000:00: root bus resource [mem 0x40000000-0xfdffffff window]
[    6.084012] pci_bus 0000:00: root bus resource [bus 00-ff]
[    6.087110] pci 0000:00:01.1: legacy IDE quirk: reg 0x10: [io  0x01f0-0x01f7]
[    6.100979] pci 0000:00:01.1: legacy IDE quirk: reg 0x14: [io  0x03f6]
[    6.115029] pci 0000:00:01.1: legacy IDE quirk: reg 0x18: [io  0x0170-0x0177]
[    6.116989] pci 0000:00:01.1: legacy IDE quirk: reg 0x1c: [io  0x0376]
[    6.149392] pci 0000:00:07.0: quirk: [io  0x4000-0x403f] claimed by PIIX4 ACPI
[    6.201837] pci 0000:00:07.0: quirk: [io  0x4100-0x410f] claimed by PIIX4 SMB
[    6.234254] ACPI: PCI Interrupt Link [LNKA] (IRQs 5 9 10 *11)
[    6.291160] ACPI: PCI Interrupt Link [LNKB] (IRQs 5 9 *10 11)
[    6.296067] ACPI: PCI Interrupt Link [LNKC] (IRQs 5 *9 10 11)
[    6.297773] ACPI: PCI Interrupt Link [LNKD] (IRQs 5 9 10 *11)
[    6.304534] ACPI: Enabled 2 GPEs in block 00 to 07
[    6.305577] vgaarb: setting as boot device: PCI:0000:00:02.0
[    6.318995] vgaarb: device added: PCI:0000:00:02.0,decodes=io+mem,owns=io+mem,locks=none
[    6.355834] vgaarb: loaded
[    6.357762] vgaarb: bridge control possible 0000:00:02.0
[    6.364347] SCSI subsystem initialized
[    6.366209] ACPI: bus type USB registered
[    6.366858] usbcore: registered new interface driver usbfs
[    6.367652] usbcore: registered new interface driver hub
[    6.369777] usbcore: registered new device driver usb
[    6.372180] PCI: Using ACPI for IRQ routing
[    6.381548] NetLabel: Initializing
[    6.388619] NetLabel:  domain hash size = 128
[    6.390366] NetLabel:  protocols = UNLABELED CIPSOv4
[    6.391121] NetLabel:  unlabeled traffic allowed by default
[    6.392141] amd_nb: Cannot enumerate AMD northbridges
[    6.392904] clocksource: Switched to clocksource kvm-clock
[    400756] AppArmor: AppArmor Filesystem Enabled
[  6497] pnp: PnP ACPI init
[  6.58222 p: P ACPI: found 3 devices

[  6.790621] clocksource: acpipmmask: fffff maxcyes: 0xffffff, max_idle_ns: 2085701024 ns
[   7.039352] NET: Registered protocol family 2

[    7.061844] TCP established hash table entries: 8192 (order: 4, 65536 bytes)
[    7.063054] TCP bind hash table entries: 8192 (order: 5, 131072 bytes)
[    7.069502] TCP: Hash tables configured (established 8192 bind 8192)
[   070443] UDP hash table entries: 512 (order: 2, 16384 bytes)
[    7.137627] UDP-Lite hash table entries: 512 order: 2, 16384 bytes)
[    7.159770] NET: Registered protocol family 1
[    7.160453] pci 0000:00:00.0: Limitindict PCI/PCI tnsrs[  7.380313] pci 0000:00:01.0: Activating ISA DMA hang workarounds
[    7.447758] Unpacking initramfs...

[    7.647878] Freeing initrd memory: 14796K
[    7.649338] platform rtc_cmos: registered platform RTC device (no PNP device found)
[    7.651447] Scanning for low memory corruption every 60 seconds
[    7.700591] audit: initializing netlink subsys (disabled)
[    7.932199] audit: type=2000 audit(1538514989.603:1): initialized
[    7.954544] Initialise system trusted keyring
[    7.962229] HugeTLB registered 2 MB page size, pre-allocated 0 pages
[    8.067963] zbud: loaded
[    8.199656] VFS: Disk quotas dquot_6.6.0
[    8.200514] VFS: Dquot-cache hash table entries: 512 (order 0, 4096 bytes)
[    8.398960] squashfs: version 4.0 (2009/01/31) Phillip Lougher
[    8.418111] fuse init (API version 7.23)
[    8.418896] Key type big_key registered
[    8.436920] Allocating IMA MOK and blacklist keyrings.
[    8.450278] Key type asymmetric registered
[    8.633526] Asymmetric key parser 'x509' registered
[    8.652162] tsc: Refined TSC clocksource calibration: 3312.273 MHz
[    8.808459] clocksource: tsc: mask: 0xffffffffffffffff max_cycles: 0x2fbe962ef6e, max_idle_ns: 440795267313 ns
[    8.808735] Block layer SCSI generic (bsg) driver version 0.4 loaded (major 249)
[    8.808765] io scheduler noop registered
[    8.808767] io scheduler deadline registered (default)
[    8.808797] io scheduler cfq registered
[    8.808875] pci_hotplug: PCI Hot Plug PCI Core version: 0.5
[    8.808879] pciehp: PCI Express Hot Plug Controller Driver version: 0.4
[    8.808993] ACPI: AC Adapter [AC] (on-line)
[    8.809035] input: Power Button as /devices/LNXSYSTM:00/LNXPWRBN:00/input/input0
[    8.809037] ACPI: Power Button [PWRF]
[    8.809090] input: Sleep Button as /devices/LNXSYSTM:00/LNXSLPBN:00/input/input1
[    8.809091] ACPI: Sleep Button [SLPF]
[    8.809193] GHES: HEST is not enabled!
[    8.850270] Serial: 8250/16550 driver, 32 ports, IRQ sharing enabled
[    8.873199] 00:02: ttyS0 at I/O 0x3f8 (irq = 4, base_baud = 115200) is a 16550A
[    8.883522] Linux agpgart interface v0.103
[    8.892620] loop: module loaded
[    8.893069] scsi host0: ata_piix
[    8.893113] scsi host1: ata_piix
[    8.893137] ata1: PATA max UDMA/33 cmd 0x1f0 ctl 0x3f6 bmdma 0xd000 irq 14
[    8.893138] ata2: PATA max UDMA/33 cmd 0x170 ctl 0x376 bmdma 0xd008 irq 15
[    8.893196] libphy: Fixed MDIO Bus: probed
[    8.893198] tun: Universal TUN/TAP device driver, 1.6
[    8.893198] tun: (C) 1999-2004 Max Krasnyansky <maxk@qualcomm.com>
[    8.893456] PPP generic driver version 2.4.2
[    8.893497] ehci_hcd: USB 2.0 'Enhanced' Host Controller (EHCI) Driver
[    8.893500] ehci-pci: EHCI PCI platform driver
[    8.893512] ehci-platform: EHCI generic platform driver
[    8.893518] ohci_hcd: USB 1.1 'Open' Host Controller (OHCI) Driver
[    8.893521] ohci-pci: OHCI PCI platform driver
[    8.893527] ohci-platform: OHCI generic platform driver
[    8.893532] uhci_hcd: USB Universal Host Controller Interface driver
[    8.893575] i8042: PNP: PS/2 Controller [PNP0303:PS2K,PNP0f03:PS2M] at 0x60,0x64 irq 1,12
[    8.893963] serio: i8042 KBD port at 0x60,0x64 irq 1
[    8.893966] serio: i8042 AUX port at 0x60,0x64 irq 12
[    8.894043] mousedev: PS/2 mouse device common for all mice
[    8.894416] input: AT Translated Set 2 keyboard as /devices/platform/i8042/serio0/input/input2
[    8.894675] rtc_cmos rtc_cmos: rtc core: registered rtc_cmos as rtc0
[    8.894717] rtc_cmos rtc_cmos: alarms up to one day, 114 bytes nvram
[    8.894722] i2c /dev entries driver
[    8.894765] device-mapper: uevent: version 1.0.3
[    8.894809] device-mapper: ioctl: 4.34.0-ioctl (2015-10-28) initialised: dm-devel@redhat.com
[    8.894826] ledtrig-cpu: registered to indicate activity on CPUs
[    8.896086] NET: Registered protocol family 10
[    8.896650] NET: Registered protocol family 17
[    8.896684] Key type dns_resolver registered
[    8.897561] registered taskstats version 1
[    8.897589] Loading compiled-in X.509 certificates
[    8.898134] Loaded X.509 cert 'Build time autogenerated kernel key: b7189ebc996fd79c52efc1226b6676b25e4f6a2d'
[    8.898149] zswap: loaded using pool lzo/zbud
[    8.899902] Key type trusted registered
[    8.902658] Key type encrypted registered
[    8.902665] AppArmor: AppArmor sha1 policy hashing enabled
[    8.902668] ima: No TPM chip found, activating TPM-bypass!
[    8.902672] ima: Allocated hash algorithm: sha1
[    8.902686] evm: HMAC attrs: 0x1
[    8.902890]   Magic number: 6:123:297
[    8.903164] rtc_cmos rtc_cmos: setting system clock to 2018-10-02 21:16:31 UTC (1538514991)
[    8.903235] BIOS EDD facility v0.16 2004-Jun-25, 0 devices found
[    8.903236] EDD information not available.
[   10.159145] Freeing unused kernel memory: 1516K
[   10.185103] Write protecting the kernel read-only data: 14336k
[   10.187346] Freeing unused kernel memory: 1672K
[   10.188806] Freeing unused kernel memory: 92K
Loading, please wait...
starting version 229
[   10.242855] random: systemd-udevd: uninitialized urandom read (16 bytes read, 5 bits of entropy available)
[   10.243441] random: udevadm: uninitialized urandom read (16 bytes read, 5 bits of entropy available)
[   10.243458] random: udevadm: uninitialized urandom read (16 bytes read, 5 bits of entropy available)
[   10.255663] random: udevadm: uninitialized urandom read (16 bytes read, 5 bits of entropy available)
[   10.255699] random: udevadm: uninitialized urandom read (16 bytes read, 5 bits of entropy available)
[   10.255809] random: udevadm: uninitialized urandom read (16 bytes read, 5 bits of entropy available)
[   10.255848] random: udevadm: uninitialized urandom read (16 bytes read, 5 bits of entropy available)
[   10.255891] random: udevadm: uninitialized urandom read (16 bytes read, 5 bits of entropy available)
[   10.255972] random: udevadm: uninitialized urandom read (16 bytes read, 5 bits of entropy available)
[   10.256014] random: udevadm: uninitialized urandom read (16 bytes read, 5 bits of entropy available)
[   10.351895] e1000: Intel(R) PRO/1000 Network Driver - version 7.3.21-k8-NAPI
[   10.354557] e1000: Copyright (c) 1999-2006 Intel Corporation.
[   10.354674] Fusion MPT base driver 3.04.20
[   10.354675] Copyright (c) 1999-2008 LSI Corporation
[   10.369787] Fusion MPT SPI Host driver 3.04.20
[   10.382031] SSE version of gcm_enc/dec engaged.
[   10.566613] input: ImExPS/2 Generic Explorer Mouse as /devices/platform/i8042/serio1/input/input4
[   10.730013] e1000 0000:00:03.0 eth0: (PCI:33MHz:32-bit) 02:fb:a8:4c:29:d0
[   10.736405] e1000 0000:00:03.0 eth0: Intel(R) PRO/1000 Network Connection
[   10.742979] mptbase: ioc0: Initiating bringup
[   10.744007] e1000 0000:00:03.0 enp0s3: renamed from eth0
[   10.809218] ioc0: LSI53C1030 A0: Capabilities={Initiator}
[   11.015739] scsi host2: ioc0: LSI53C1030 A0, FwRev=00000000h, Ports=1, MaxQ=256, IRQ=20
[   11.135192] scsi 2:0:0:0: Direct-Access     VBOX     HARDDISK         1.0  PQ: 0 ANSI: 5
[   11.164141] scsi target2:0:0: Beginning Domain Validation
[   11.167462] scsi target2:0:0: Domain Validation skipping write tests
[   11.181639] scsi target2:0:0: Ending Domain Validation
[   11.198916] scsi target2:0:0: asynchronous
[   11.200501] scsi 2:0:1:0: Direct-Access     VBOX     HARDDISK         1.0  PQ: 0 ANSI: 5
[   11.208754] scsi target2:0:1: Beginning Domain Validation
[   11.210135] scsi target2:0:1: Domain Validation skipping write tests
[   11.752941] scsi target2:0:1: Ending Domain Validation
[   11.765701] scsi target2:0:1: asynchronous
[   11.776962] sd 2:0:0:0: Attached scsi generic sg0 type 0
[   11.784524] sd 2:0:1:0: [sdb] 20480 512-byte logical blocks: (10.5 MB/10.0 MiB)
[   11.785308] sd 2:0:0:0: [sda] 20971520 512-byte logical blocks: (10.7 GB/10.0 GiB)
[   11.822486] sd 2:0:0:0: [sda] Write Protect is off
[   11.822550] sd 2:0:1:0: [sdb] Write Protect is off
[   11.823026] sd 2:0:1:0: [sdb] Incomplete mode parameter data
[   11.823027] sd 2:0:1:0: [sdb] Assuming drive cache: write through
[   11.825327] sd 2:0:1:0: [sdb] Attached SCSI disk
[   11.830207] sd 2:0:1:0: Attached scsi generic sg1 type 0
[   12.167145] sd 2:0:0:0: [sda] Incomplete mode parameter data
[   12.203382] sd 2:0:0:0: [sda] Assuming drive cache: write through
[   12.222763]  sda: sda1
[   12.248807] sd 2:0:0:0: [sda] Attached SCSI disk
Begin: Loading e[   13.673403] md: linear personality registered for level -1
ssential drivers ... [   13.718187] md: multipath personality registered for level -4
[   13.767651] md: raid0 personality registered for level 0
[   13.802267] md: raid1 personality registered for level 1
[   13.872971] raid6: sse2x1   gen() 11077 MB/s
[   13.952992] raid6: sse2x1   xor()  8500 MB/s
[   14.024960] raid6: sse2x2   gen() 13855 MB/s
[   14.096946] raid6: sse2x2   xor()  9769 MB/s
[   14.176949] raid6: sse2x4   gen() 16038 MB/s
[   14.264939] raid6: sse2x4   xor()  9959 MB/s
[   14.265926] raid6: using algorithm sse2x4 gen() 16038 MB/s
[   14.286726] raid6: .... xor() 9959 MB/s, rmw enabled
[   14.290510] raid6: using ssse3x2 recovery algorithm
[   14.292076] xor: measuring software checksum speed
[   14.328963]    prefetch64-sse: 18240.000 MB/sec
[   14.372952]    generic_sse: 15959.000 MB/sec
[   14.381648] xor: using function: prefetch64-sse (18240.000 MB/sec)
[   14.390851] async_tx: api initialized (async)
[   14.403796] md: raid6 personality registered for level 6
[   14.433637] md: raid5 personality registered for level 5
[   14.588521] md: raid4 personality registered for level 4
[   14.613245] md: raid10 personality registered for level 10
done.
Begin: Running /scripts/init-premount ... done.
Begin: Mounting root file system ... Begin: Running /scripts/local-top ... done.
Begin: Running /scripts/local-premount ... [   14.677162] Btrfs loaded
Scanning for Btrfs filesystems
done.
Warning: fsck not present, so skipping root file system
[   14.732164] EXT4-fs (sda1): mounted filesystem with ordered data mode. Opts: (null)
done.
Begin: Running /scripts/local-bottom ... done.
Begin: Running /scripts/init-bottom ... done.
[   15.107280] systemd[1]: systemd 229 running in system mode. (+PAM +AUDIT +SELINUX +IMA +APPARMOR +SMACK +SYSVINIT +UTMP +LIBCRYPTSETUP +GCRYPT +GNUTLS +ACL +XZ -LZ4 +SECCOMP +BLKID +ELFUTILS +KMOD -IDN)
[   15.134253] systemd[1]: Detected virtualization oracle.
[   15.139318] systemd[1]: Detected architecture x86-64.

Welcome to [1mUbuntu 16.04.5 LTS[0m!

[   15.179899] systemd[1]: Set hostname to <ubuntu>.
[   15.207257] systemd[1]: Initializing machine ID from random generator.
[   15.216724] systemd[1]: Installed transient /etc/machine-id file.
[   15.487320] random: nonblocking pool is initialized
[   15.677731] systemd[1]: Created slice User and Session Slice.
[[0;32m  OK  [0m] Created slice User and Session Slice.
[   15.696335] systemd[1]: Listening on Journal Socket (/dev/log).
[[0;32m  OK  [0m] Listening on Journal Socket (/dev/log).
[   15.72906] systemd1]: Ltening on /dev/initctl Compatibility Nmed Pipe.

[[0;32m  OK  [0m] Listening on /dev/initctl Compatibility Named Pipe.
[   15.887274] systemd[1]: Reached target System Time Synchronized.
[[0;32m  OK  [0m] Reached target System Time Synchronized.
[   15.982438] systemd[1]: Listening on Journal Audit Socket.
[[0;32m  OK  [0m] Listening on Journal Audit Socket.
[   16.006120] systemd[1]: Started Forward Password Requests to Wall Directory Watch.
[[0;32m  OK  [0m] Started Forward Password Requests to Wall Directory Watch.
[   16.18569syemd[1]: Listening on Device-mapper event daemon FIFOs.
 [[0;32m  OK  [0m] Listening on Device-mapper event daemon FIFOs.
[ 163535syem1]Reached target Encrypted Volumes.
[[0;32m  OK  [0m] Reached target Encrypted Volumes.
[   16.651263] systemd[1]: Reached target Swap.
[[0;32m  OK  [0m] Reached target Swap.
[   6.74333] systemd[1]: Listening on LVM2 metadata daemon socket.

[[0;32m  OK  [0m] Listening on LVM2 metadata daemon socket.
[  6.72] ste[1] Listening on Journal Socket.
[[0;32m  OK  [0m] Listening on Journal Socket.
[   17.164456] systemd[1]: Reached target User and Group Name Lookups.
[[0;32m  OK  [0m] Reached target User and Group Name Lookups.
[   17.192] stemd[1]: Started Trigger resolvconf update for networkd DNS.

[[0;32m  OK  [0m] Started Trigger resolvconf update for networkd DNS.
[   17.321287] systemd[1]: Listening on udev Kernel Socket.
[[0;32m  OK  [0m] Listening on udev Kernel Socket.
[   17.369710] systemd[1]: Listening on Syslog Socket.
[[0;32m  OK  [0m] Listening on Syslog Socket.
[   17.371582] systemd[1]: Listening on udev Control Socket.
[[0;32m  OK  [0m] Listening on udev Control Socket.
[   17.373535] systemd[1]: Set up automount Arbitrary Executable File Formats File System Automount Point.
[[0;32m  OK  [0m] Set up automount Arbitrary Executab...ats File System Automount Point.
[   17.376077] systemd[1]: Listening on LVM2 poll daemon socket.
[[0;32m  OK  [0m] Listening on LVM2 poll daemon socket.
[   17.413183] systemd[1]: Created slice System Slice.
[[0;32m  OK  [0m] Created slice System Slice.
[   17.473164] systemd[1]: Starting Journal Service...
         Starting Journal Service...
[   17.661801] systemd[1]: Starting Load Kernel Modules...
         Starting Load Kernel Modules...[   17.722388] Loading iSCSI transport class v2.0-870.

[   17.782644] systemd[1]: Starting Uncomplicated firewall...
         Starting Uncomplicated firewall...
[   17.803265] systemd[1]: Starting Remount Root and Kernel File Systems...
[   17.806507] iscsi: registered transport (tcp)
         Starting Remount Root and Kernel File Systems...
[   17.809594] systemd[1]: Reached target Slices.
[[0;32m  OK  [[   17.828811] EXT4-fs (sda1): re-mounted. Opts: (null)
0m] Reached target Slices.
[   17.846674] systemd[1]: Starting Set console keymap...
         Starting Set console keymap...
[   17.887184] systemd[1]: Mounting Debug File System...
         Mounting Debug File System...
[   18.009513] iscsi: registered transport (iser)
[   18.025163] systemd[1]: Starting Nameserver information manager...
         Starting Nameserver information manager...
[   18.117456] systemd[1]: Created slice system-serial\x2dgetty.slice.
[[0;32m  OK  [0m] Created slice system-serial\x2dgetty.slice.
[   18.175682] systemd[1]: Starting Monitoring of LVM2 mirrors, snapshots etc. using dmeventd or progress polling...
         Starting Monitoring of LVM2 mirrors... dmeventd or progress polling...
[   18.186070] systemd[1]: Mounting POSIX Message Queue File System...
         Mounting POSIX Message Queue File System...
[   18.217055] systemd[1]: Mounting Huge Pages File System...
         Mounting Huge Pages File System...
[   18.221269] systemd[1]: Starting Create list of required static device nodes for the current kernel...
         Starting Create list of required st... nodes for the current kernel...
[   18.238793] systemd[1]: Mounted POSIX Message Queue File System.
[[0;32m  OK  [0m] Mounted POSIX Message Queue File System.
[ 1889410] systemd[1]: Mounted Debug File System.

[[0;32m  OK  [0m] Mounted Debug File System.
[   18.385198] systemd[1]: Mounted Huge Pages File System.
[[0;32m  OK  [0m] Mounted Huge Pages File System.
[   18.399273] systemd[1]: Started Journal Service.
[[0;32m  OK  [0m] Started Journal Service.
[[0;32m  OK  [0m] Started Load Kernel Modules.
[[0;32m  OK  [0m] Started Uncomplicated firewall.
[[0;32m  OK  [0m] Started Remount Root and Kernel File Systems.
[[0;32m  OK  [0m] Started Set console keymap.
[[0;32m  OK  [0m] Started Create list of required sta...ce nodes for the current kernel.
[[0;32m  OK  [0m] Started LVM2 metadata daemon.
         Starting Create Static Device Nodes in /dev...
         Starting Load/Save Random Seed...
         Starting udev Coldplug all Devices...
         Mounting FUSE Control File System...
         Starting Apply Kernel Variables...
         Starting Flush Journal to Persistent Storage...
[[0;32m  OK  [0m] Mounted FUSE Control File System.
[[0;32m  OK  [0m] Started Nameserver information manager.
[[0;32m  OK  [0m] Started Create Static Device Nodes in /dev.
[[0;32m  OK  [0m] Started Load/Save Random Seed.
[[0;32m  OK  [0m] Started Apply Kernel Variables.
[[0;32m  OK  [0m] Started udev Coldplug all Devices.
[[0;32m  OK  [0m] Started Flush Journal to Persistent Storage.
         Starting udev Kernel Device Manager...
[[0;32m  OK  [0m] Started udev Kernel Device Manager.
[[0;32m  OK  [0m] Started Dispatch Password Requests to Console Directory Watch.
[[0;32m  OK  [0m] Started Monitoring of LVM2 mirrors,...ng dmeventd or progress polling.
[[0;32m  OK  [0m] Reached target Local File Systems (Pre).
[[0;32m  OK  [0m] Reached target Local File Systems.
         Starting LSB: AppArmor initialization...
         Starting Set console font and keymap...
         Starting Initial cloud-init job (pre-networking)...
         Starting Create Volatile Files and Directories...
         Starting Commit a transient machine-id on disk...
         Starting Tell Plymouth To Write Out Runtime Data...
[[0;32m  OK  [0m] Started Create Volatile Files and Directories.
         Starting Update UTMP about System Boot/Shutdown...
[[0;32m  OK  [0m] Started Commit a transient machine-id on disk.
[[0;32m  OK  [0m] Started Tell Plymouth To Write Out Runtime Data.
[[0;32m  OK  [0m] Found device /dev/ttyS0.
[[0;32m  OK  [0m] Listening on Load/Save RF Kill Switch Status /dev/rfkill Watch.
[[0;32m  OK  [0m] Started Update UTMP about System Boot/Shutdown.
[[0;32m  OK  [0m] Started Set console font and keymap.
[[0;32m  OK  [0m] Created slice system-getty.slice.
[[0;32m  OK  [0m] Started LSB: AppArmor initialization.
[   15.759225] cloud-init[480]: Cloud-init v. 18.3-9-g2e62cb8a-0ubuntu1~16.04.2 running 'init-local' at Tue, 02 Oct 2018 21:16:43 +0000. Up 15.35 seconds.
[[0;32m  OK  [0m] Started Initial cloud-init job (pre-networking).
[[0;32m  OK  [0m] Reached target Network (Pre).
         Starting Raise network interfaces...
[[0;32m  OK  [0m] Started Raise network interfaces.
         Starting Initial cloud-init job (metadata service crawler)...
[[0;32m  OK  [0m] Reached target Network.
[   17.959583] cloud-init[927]: Cloud-init v. 18.3-9-g2e62cb8a-0ubuntu1~16.04.2 running 'init' at Tue, 02 Oct 2018 21:16:45 +0000. Up 16.51 seconds.
[   18.044566] cloud-init[927]: ci-info: ++++++++++++++++++++++++++++++++++++++Net device info++++++++++++++++++++++++++++++++++++++
[   18.044818] cloud-init[927]: ci-info: +--------+------+----------------------------+---------------+--------+-------------------+
[   18.045132] cloud-init[927]: ci-info: | Device |  Up  |          Address           |      Mask     | Scope  |     Hw-Address    |
[   18.045483] cloud-init[927]: ci-info: +--------+------+----------------------------+---------------+--------+-------------------+
[   18.046151] cloud-init[927]: ci-info: | enp0s3 | True |         10.0.2.15          | 255.255.255.0 | global | 02:fb:a8:4c:29:d0 |
[   18.046480] cloud-init[927]: ci-info: | enp0s3 | True | fe80::fb:a8ff:fe4c:29d0/64 |       .       |  link  | 02:fb:a8:4c:29:d0 |
[   18.046804] cloud-init[927]: ci-info: |   lo   | True |         127.0.0.1          |   255.0.0.0   |  host  |         .         |
[   18.047155] cloud-init[927]: ci-info: |   lo   | True |          ::1/128           |       .       |  host  |         .         |
[   18.047535] cloud-init[927]: ci-info: +--------+------+----------------------------+---------------+--------+-------------------+
[   18.047857] cloud-init[927]: ci-info: +++++++++++++++++++++++++++Route IPv4 info++++++++++++++++++++++++++++
[   18.048481] cloud-init[927]: ci-info: +-------+-------------+----------+---------------+-----------+-------+
[   18.048777] cloud-init[927]: ci-info: | Route | Destination | Gateway  |    Genmask    | Interface | Flags |
[   18.049079] cloud-init[927]: ci-info: +-------+-------------+----------+---------------+-----------+-------+
[   18.049384] cloud-init[927]: ci-info: |   0   |   0.0.0.0   | 10.0.2.2 |    0.0.0.0    |   enp0s3  |   UG  |
[   18.049774] cloud-init[927]: ci-info: |   1   |   10.0.2.0  | 0.0.0.0  | 255.255.255.0 |   enp0s3  |   U   |
[   18.050078] cloud-init[927]: ci-info: +-------+-------------+----------+---------------+-----------+-------+
[   18.050383] cloud-init[927]: ci-info: +++++++++++++++++++Route IPv6 info+++++++++++++++++++
[   18.050690] cloud-init[927]: ci-info: +-------+-------------+---------+-----------+-------+
[   18.050993] cloud-init[927]: ci-info: | Route | Destination | Gateway | Interface | Flags |
[   18.051772] cloud-init[927]: ci-info: +-------+-------------+---------+-----------+-------+
[   18.052050] cloud-init[927]: ci-info: |   0   |  fe80::/64  |    ::   |   enp0s3  |   U   |
[   18.052724] cloud-init[927]: ci-info: |   3   |   ff00::/8  |    ::   |   enp0s3  |   U   |
[   18.053021] cloud-init[927]: ci-info: +-------+-------------+---------+-----------+-------+
[   18.053343] cloud-init[927]: Generating public/private rsa key pair.
[   18.053634] cloud-init[927]: Your identification has been saved in /etc/ssh/ssh_host_rsa_key.
[   18.053935] cloud-init[927]: Your public key has been saved in /etc/ssh/ssh_host_rsa_key.pub.
[   18.054239] cloud-init[927]: The key fingerprint is:
[   18.055057] cloud-init[927]: SHA256:kAyf/a34gBqyhsGUUJqO9zxDIHVi/pEm6x54tYrgipE root@ubuntu-xenial
[   18.055660] cloud-init[927]: The key's randomart image is:
[   18.057814] cloud-init[927]: +---[RSA 2048]----+
[   18.058021] cloud-init[927]: | .= o            |
[   18.058327] cloud-init[927]: |.* o = +         |
[   18.058647] cloud-init[927]: |= = + * .        |
[   18.058977] cloud-init[927]: |o+ * . . . .     |
[   18.059305] cloud-init[927]: |+.o +   S . .    |
[   18.060007] cloud-init[927]: |.* = . . . .     |
[   18.061606] cloud-init[927]: |Eo= B . o .      |
[   18.061851] cloud-init[927]: |==.= =   o       |
[   18.062179] cloud-init[927]: |=o+ .     .      |
[   18.062491] cloud-init[927]: +----[SHA256]-----+
[   18.062817] cloud-init[927]: Generating public/private dsa key pair.
[   18.063612] cloud-init[927]: Your identification has been saved in /etc/ssh/ssh_host_dsa_key.
[   18.063892] cloud-init[927]: Your public key has been saved in /etc/ssh/ssh_host_dsa_key.pub.
[   18.064572] cloud-init[927]: The key fingerprint is:
[   18.064932] cloud-init[927]: SHA256:LgGDgmiWPGMTuJelTnSMYq/LEW5dKs4b3Vv4kYkcEog root@ubuntu-xenial
[   18.065691] cloud-init[927]: The key's randomart image is:
[   18.066413] cloud-init[927]: +---[DSA 1024]----+
[   18.067131] cloud-init[927]: |.. o             |
[   18.067795] cloud-init[927]: |B.*.+            |
[   18.068408] cloud-init[927]: |E#o*o            |
[   18.068707] cloud-init[927]: |=oO..+           |
[   18.069012] cloud-init[927]: |.++.o.. S        |
[   18.069323] cloud-init[927]: | *oo+ +oo        |
[   18.069623] cloud-init[927]: |=.+. =.=.        |
[   18.069926] cloud-init[927]: | =.   +..        |
[   18.070230] cloud-init[927]: | ..  . .         |
[   18.070976] cloud-init[927]: +----[SHA256]-----+
[   18.071382] cloud-init[927]: Generating public/private ecdsa key pair.
[   18.071663] cloud-init[927]: Your identification has been saved in /etc/ssh/ssh_host_ecdsa_key.
[   18.071960] cloud-init[927]: Your public key has been saved in /etc/ssh/ssh_host_ecdsa_key.pub.
[[0;32m  OK  [0m] Started Initial cloud-init job (metadata service crawler).
[   18.085146] cloud-init[927]: The key fingerprint is:
[   19.296381] cloud-init[927]: SHA256:8GsP+GfbPhLACdQA1yuLfi8+8g+dlAqnvHLUV1y+fKA root@ubuntu-xenial
[   19.297568] cloud-init[927]: The key's randomart image is:
[[0;32m  OK  [0m] Reached target Cloud-config availability.
[[0;32m  OK  [0m] Reached target System Initialization.
[[0;32m  OK  [0m] Listening on ACPID Listen Socket.
[   19.297811] cloud-init[927]: +---[ECDSA 256]---+
[   19.457240] cloud-init[927]: |    .o++         |
[[0;32m  OK  [0m] Started ACPI Events Check.
[   19.459614] cloud-init[927]: |     .. o   .    |
[   19.523261] cloud-init[927]: |      .o + o     |
[   19.563193] cloud-init[927]: |      .o=.o o    |
[   19.624402] cloud-init[927]: |    .o.oSo o o   |
[   19.624778] cloud-init[927]: |   .o+o=.oE o .  |
[[0;32m  OK  [0m] Reached target Paths.
[[0;32m  OK  [0m[   19.624911] ] cloud-initStarted Daily Cleanup of Temporary Directories.[927]: 
|   oo +.*  . .   |
[[   19.763461] cloud-init[927]: |  . +.++ o+..    |
[   19.814187] cloud-init[927]: |   o.=o=+oo+o.   |
[0;32m  OK  [0m] Started Daily apt download activities.
[[0;32m  OK  [0m] Started Daily apt upgrade and clean activities.
[   19.814323] cloud-init[927]: +----[SHA256]-----+
[   19.912859] cloud-init[927]: Generating public/private ed25519 key pair.
[   19.913842] cloud-init[927]: Your identification has been saved in /etc/ssh/ssh_host_ed25519_key.
         Starting Socket activation for snappy daemon.
[[0;32m  OK  [0m] Reached target Timers.
[   19.914173] cloud-init[927]: Your public key has been saved in /etc/ssh/ssh_host_ed25519_key.pub.
[   20.047702] cloud-init[927]: The key fingerprint is:
[   20.049441] cloud-init[927]: SHA256:FKQCanyUZZey9dXdCRvkTftoTWqAV0ctnXcV8W90hag root@ubuntu-xenial
[   20.056000] cloud-init[927]: The key's randomart image is:
         Starting LXD - unix socket.
[[   20.063676] cloud-init[927]: +--[ED25519 256]--+
[0;32m  OK  [0m] Listening on UUID daemon activation socket.
[[0;32m  OK  [0m] Listening on D-Bus System Message Bus Socket.
[   20.121312] cloud-init[927]: |  ..oo o+   o=+B&|
[   20.166369] cloud-init[927]: |...o...+ . oooB=X|
[   20.166851] cloud-init[927]: |.o .. = o o.oo +B|
[[   20.168068] cloud-init[927]: |. .  o . .E. . *+|
[   20.168869] cloud-init[927]: |        S     = =|
[   20.169579] cloud-init[927]: |             o . |
[   20.170277] cloud-init[927]: |                 |
[   20.170975] cloud-init[927]: |                 |
[0;32m  OK  [0m] Reached target Network is Online.
[   20.173129] cloud-init[927]: |                 |
[   20.220478] cloud-init[927]: +----[SHA256]-----+
         Starting iSCSI initiator daemon (iscsid)...
[[0;32m  OK  [0m] Listening on Socket activation for snappy daemon.
[[0;32m  OK  [0m] Listening on LXD - unix socket.
[[0;32m  OK  [0m] Reached target Sockets.
[[0;32m  OK  [0m] Reached target Basic System.
[[0;32m  OK  [0m] Started FUSE filesystem for LXC.
[[0;32m  OK  [0m] Started ACPI event daemon.
         Starting Pollinate to seed the pseudo random number generator...
[[0;32m  OK  [0m] Started Regular background program processing daemon.
[[0;32m  OK  [0m] Started Deferred execution scheduler.
[[0;32m  OK  [0m] Started Unattended Upgrades Shutdown.
         Starting Login Service...
         Starting System Logging Service...
         Starting Virtualbox guest utils...
         Starting /etc/rc.local Compatibility...
         Starting Accounts Service...
         Starting LSB: MD monitoring daemon...
         Starting LSB: Record successful boot for GRUB...
[[0;32m  OK  [0m] Started D-Bus System Message Bus.
         Starting LXD - container startup/shutdown...
         Starting Snappy daemon...
[[0;32m  OK  [0m] Started System Logging Service.
[[0;32m  OK  [0m] Started /etc/rc.local Compatibility.
[[0;32m  OK  [0m] Started iSCSI initiator daemon (iscsid).
[[0;32m  OK  [0m] Started Login Service.
         Starting Authenticate and Authorize Users to Run Privileged Tasks...
         Starting Login to default iSCSI targets...
[[0;32m  OK  [0m] Started LSB: Record successful boot for GRUB.
[[0;32m  OK  [0m] Started LSB: MD monitoring daemon.
[[0;32m  OK  [0m] Started Login to default iSCSI targets.
[[0;32m  OK  [0m] Reached target Remote File Systems (Pre).
[[0;32m  OK  [0m] Reached target Remote File Systems.
         Starting Permit User Sessions...
         Starting LSB: Set the CPU Frequency Scaling governor to "ondemand"...
         Starting LSB: daemon to balance interrupts for SMP systems...
         Starting LSB: automatic crash report generation...
[[0;32m  OK  [0m] Started Permit User Sessions.
[[0;32m  OK  [0m] Started Authenticate and Authorize Users to Run Privileged Tasks.
[[0;32m  OK  [0m] Started Accounts Service.
[[0;32m  OK  [0m] Started LSB: Set the CPU Frequency Scaling governor to "ondemand".
         Starting Terminate Plymouth Boot Screen...
         Starting Hold until boot process finishes up...
[[0;32m  OK  [0m] Started Pollinate to seed the pseudo random number generator.
[[0;32m  OK  [0m] Started Virtualbox guest utils.
[[0;32m  OK  [0m] Started LSB: daemon to balance interrupts for SMP systems.
[[0;32m  OK  [0m] Started LSB: automatic crash report generation.
[[0;32m  OK  [0m] Started Terminate Plymouth Boot Screen.
[[0;32m  OK  [0m] Started Hold until boot process finishes up.
[[0;32m  OK  [0m] Started Getty on tty1.
[[0;32m  OK  [0m] Started Serial Getty on ttyS0.
[[0;32m  OK  [0m] Reached target Login Prompts.
         Starting Set console scheme...
         Starting OpenBSD Secure Shell server...
[[0;32m  OK  [0m] Started Set console scheme.
[[0;32m  OK  [0m] Started OpenBSD Secure Shell server.
[[0;32m  OK  [0m] Started LXD - container startup/shutdown.
[[0;32m  OK  [0m] Started Snappy daemon.
         Starting Wait until snapd is fully seeded...
[[0;32m  OK  [0m] Created slice User Slice of vagrant.
         Starting User Manager for UID 1000...
[[0;32m  OK  [0m] Started Session 1 of user vagrant.
[[0;32m  OK  [0m] Started User Manager for UID 1000.
[[0;32m  OK  [0m] Started Wait until snapd is fully seeded.
         Starting Apply the settings specified in cloud-config...
[[0;32m  OK  [0m] Reached target Multi-User System.
[[0;32m  OK  [0m] Reached target Graphical Interface.
         Starting Update UTMP about System Runlevel Changes...
[[0;32m  OK  [0m] Started Update UTMP about System Runlevel Changes.
[   25.211941] cloud-init[1341]: Generating locales (this might take a while)...
[   26.149299] cloud-init[1341]:   en_US.UTF-8... done
[   26.158334] cloud-init[1341]: Generation complete.
[   27.248979] cloud-init[1341]: Cloud-init v. 18.3-9-g2e62cb8a-0ubuntu1~16.04.2 running 'modules:config' at Tue, 02 Oct 2018 21:16:53 +0000. Up 25.02 seconds.
ci-info: no authorized ssh keys fingerprints found for user ubuntu.
<14>Oct  2 21:16:56 ec2: 
<14>Oct  2 21:16:56 ec2: #############################################################
<14>Oct  2 21:16:56 ec2: -----BEGIN SSH HOST KEY FINGERPRINTS-----
<14>Oct  2 21:16:56 ec2: 1024 SHA256:LgGDgmiWPGMTuJelTnSMYq/LEW5dKs4b3Vv4kYkcEog root@ubuntu-xenial (DSA)
<14>Oct  2 21:16:56 ec2: 256 SHA256:8GsP+GfbPhLACdQA1yuLfi8+8g+dlAqnvHLUV1y+fKA root@ubuntu-xenial (ECDSA)
<14>Oct  2 21:16:56 ec2: 256 SHA256:FKQCanyUZZey9dXdCRvkTftoTWqAV0ctnXcV8W90hag root@ubuntu-xenial (ED25519)
<14>Oct  2 21:16:56 ec2: 2048 SHA256:kAyf/a34gBqyhsGUUJqO9zxDIHVi/pEm6x54tYrgipE root@ubuntu-xenial (RSA)
<14>Oct  2 21:16:56 ec2: -----END SSH HOST KEY FINGERPRINTS-----
<14>Oct  2 21:16:56 ec2: #############################################################
-----BEGIN SSH HOST KEY KEYS-----
ecdsa-sha2-nistp256 AAAAE2VjZHNhLXNoYTItbmlzdHAyNTYAAAAIbmlzdHAyNTYAAABBBD6VBj80WyJxSbL/bDyA/aarhTtN6gjtiysDq8uqYBpMnXKbxt67fVQ15IHNtGiX4Tod9BDhKmMAgC+zFYwHkZw= root@ubuntu-xenial
ssh-ed25519 AAAAC3NzaC1lZDI1NTE5AAAAIMN5NcGRMgPxZ9opsDAQCgoDGHSHV0ABBIRNWX9uzbfB root@ubuntu-xenial
ssh-rsa AAAAB3NzaC1yc2EAAAADAQABAAABAQDHkYjD6TmzrHu2B3SUwY6kZO4fk4cZK0Rz1oxA121R6GikbeYTcthDZMaHaO50gSt4ze4pcW4aLCrdL1if/lMjwO2FwI3CkDMSZGR+uBo+AZKOwgiOoOqekIqDDE7XqIIUHDUmKqMUgsrwtS1CvzqKYtDoq9l1Kkspxmtg/aRFccaW9WKv+NE9Kj6Zdsj1L/iCUjwquqSxnxljG1YU4XPM7WrsEd+BV1X2UUzt//bp4GEFHvBzrhdatUfiB9FT28Dn7msZ14jL1xEIfMX7SSlm/EShspLb2WFkYBSDlsHzvSgCFvk9cE1PbX7tCANTxx3MxQQuO2XLCMLao4Bd/ytr root@ubuntu-xenial
-----END SSH HOST KEY KEYS-----
[   27.726238] cloud-init[1464]: Cloud-init v. 18.3-9-g2e62cb8a-0ubuntu1~16.04.2 running 'modules:final' at Tue, 02 Oct 2018 21:16:56 +0000. Up 27.55 seconds.
[   27.726416] cloud-init[1464]: ci-info: no authorized ssh keys fingerprints found for user ubuntu.
[   27.726520] cloud-init[1464]: Cloud-init v. 18.3-9-g2e62cb8a-0ubuntu1~16.04.2 finished at Tue, 02 Oct 2018 21:16:56 +0000. Datasource DataSourceNoCloud [seed=/dev/sdb][dsmode=net].  Up 27.71 seconds

Ubuntu 16.04.5 LTS ubuntu-xenial ttyS0

ubuntu-xenial login: [[0;32m  OK  [0m] Closed Load/Save RF Kill Switch Status /dev/rfkill Watch.
[[0;32m  OK  [0m] Stopped target Graphical Interface.
         Stopping Accounts Service...
[[0;32m  OK  [0m] Stopped target Timers.
[[0;32m  OK  [0m] Stopped Daily apt upgrade and clean activities.
         Stopping Authenticate and Authorize Users to Run Privileged Tasks...
[[0;32m  OK  [0m] Stopped target Cloud-init target.
         Stopping Session 4 of user vagrant.
[[0;32m  OK  [0m] Stopped Daily Cleanup of Temporary Directories.
[[0;32m  OK  [0m] Stopped Daily apt download activities.
[[0;32m  OK  [0m] Stopped target System Time Synchronized.
[[0;32m  OK  [0m] Stopped Execute cloud user/final scripts.
[[0;32m  OK  [0m] Stopped Apply the settings specified in cloud-config.
         Stopping User Manager for UID 1000...
[[0;32m  OK  [0m] Stopped target Cloud-config availability.
         Stopping ACPI event daemon...
[[0;32m  OK  [0m] Stopped target Multi-User System.
         Stopping LSB: Record successful boot for GRUB...
         Stopping Virtualbox guest utils...
         Stopping Regular background program processing daemon...
         Stopping LSB: Set the CPU Frequency Scaling governor to "ondemand"...
         Stopping LXD - container startup/shutdown...
[[0;32m  OK  [0m] Stopped Wait until snapd is fully seeded.
         Stopping Snappy daemon...
         Stopping FUSE filesystem for LXC...
         Stopping D-Bus Sym[[0;32m  OK  [0m] Stopped Getty on tty1.
[[0;32m  OK  [0m] Stopped ACPI event daemon.
[[0;32m  OK  [0m] Stopped System Logging Service.
[[0;32m  OK  [0m] Stopped Serial Getty on ttyS0.
[[0;32m  OK  [0m] Stopped OpenBSD Secure Shell server.
[[0;32m  OK  [0m] Stopped User Manager for UID 1000.
[[0;32m  OK  [0m] Stopped Session 4 of user vagrant.
[[0;32m  OK  [0m] Stopped LSB: Record successful boot for GRUB.
[[0;32m  OK  [0m] Stopped LSB: Set the CPU Frequency Scaling governor to "ondemand".
[[0;32m  OK  [0m] Stopped D-Bus System Message Bus.
[[0;32m  OK  [0m] Stopped LSB: automatic crash report generation.
[[0;32m  OK  [0m] Stopped FUSE filesystem for LXC.
[[0;32m  OK  [0m] Stopped LSB: daemon to balance interrupts for SMP systems.
[[0;32m  OK  [0m] Stopped LSB: MD monitoring daemon.
[[0;32m  OK  [0m] Stopped LXD - container startup/shutdown.
[[0;32m  OK  [0m] Stopped Virtualbox guest utils.
[[0;32m  OK  [0m] Removed slice User Slice of vagrant.
         Stopping Login Service...
[[0;32m  OK  [0m] Removed slice system-serial\x2dgetty.slice.
         Stopping Permit User Sessions...
[[0;32m  OK  [0m] Stopped /etc/rc.local Compatibility.
[[0;32m  OK  [0m] Removed slice system-getty.slice.
[[0;32m  OK  [0m] Stopped Unattended Upgrades Shutdown.
[[0;32m  OK  [0m] Stopped Login Service.
[[0;32m  OK  [0m] Stopped Permit User Sessions.
[[0;32m  OK  [0m] Stopped target Remote File Systems.
[[0;32m  OK  [0m] Stopped target Remote File Systems (Pre).
         Stopping Login to default iSCSI targets...
[[0;32m  OK  [0m] Stopped target User and Group Name Lookups.
[[0;32m  OK  [0m] Stopped target Basic System.
[[0;32m  OK  [0m] Stopped target Sockets.
[[0;32m  OK  [0m] Closed UUID daemon activation socket.
[[0;32m  OK  [0m] Closed ACPID Listen Socket.
[[0;32m  OK  [0m] Closed Socket activation for snappy daemon.
[[0;32m  OK  [0m] Closed LXD - unix socket.
[[0;32m  OK  [0m] Closed D-Bus System Message Bus Socket.
[[0;32m  OK  [0m] Closed Syslog Socket.
[[0;32m  OK  [0m] Stopped target Paths.
[[0;32m  OK  [0m] Stopped Forward Password Requests to Wall Directory Watch.
[[0;32m  OK  [0m] Stopped Dispatch Password Requests to Console Directory Watch.
[[0;32m  OK  [0m] Stopped ACPI Events Check.
[[0;32m  OK  [0m] Stopped target Slices.
[[0;32m  OK  [0m] Removed slice User and Session Slice.
[[0;32m  OK  [0m] Stopped target System Initialization.
[[0;32m  OK  [0m] Stopped Create Volatile Files and Directories.
         Stopping Load/Save Random Seed...
[[0;32m  OK  [0m] Stopped Commit a transient machine-id on disk.
[[0;32m  OK  [0m] Stopped target Swap.
[[0;32m  OK  [0m] Stopped target Encrypted Volumes.
[[0;32m  OK  [0m] Stopped Load/Save Random Seed.
[[0;32m  OK  [0m] Stopped Login to default iSCSI targets.
         Stopping iSCSI initiator daemon (iscsid)...
[[0;32m  OK  [0m] Stopped iSCSI initiator daemon (iscsid).
[[0;32m  OK  [0m] Stopped target Network is Online.
[[0;32m  OK  [0m] Stopped Initial cloud-init job (metadata service crawler).
[[0;32m  OK  [0m] Stopped target Network.
         Stopping Raise network interfaces...
[[0;32m  OK  [0m] Stopped Raise network interfaces.
[[0;32m  OK  [0m] Stopped target Local File Systems.
         Unmounting /run/user/1000...
         Unmounting /vagrant...
[[0;32m  OK  [0m] Stopped Apply Kernel Variables.
[[0;32m  OK  [0m] Stopped Load Kernel Modules.
[[0;32m  OK  [0m] Stopped target Network (Pre).
[[0;32m  OK  [0m] Stopped Initial cloud-init job (pre-networking).
[[0;32m  OK  [0m] Unmounted /run/user/1000.
[[0;32m  OK  [0m] Unmounted /vagrant.
[[0;32m  OK  [0m] Reached target Unmount All Filesystems.
[[0;32m  OK  [0m] Stopped target Local File Systems (Pre).
         Stopping Monitoring of LVM2 mirrors... dmeventd or progress polling...
[[0;32m  OK  [0m] Stopped Remount Root and Kernel File Systems.
[[0;32m  OK  [0m] Stopped Create Static Device Nodes in /dev.
[[0;32m  OK  [0m] Reached target Shutdown.
[   49.411081] reboot: Power down
